Step: build-step-credential-initializer:

{"level":"warn","ts":1551294091.8848538,"logger":"fallback-logger","caller":"logging/config.go:65","msg":"Fetch GitHub commit ID from kodata failed: \"ref: refs/heads/test\" is not a valid GitHub commit ID"}
{"level":"info","ts":1551294091.8855097,"logger":"fallback-logger","caller":"creds-init/main.go:40","msg":"Credentials initialized."}
Step: build-step-git-source-0:

{"level":"warn","ts":1551294093.4971483,"logger":"fallback-logger","caller":"logging/config.go:65","msg":"Fetch GitHub commit ID from kodata failed: \"ref: refs/heads/test\" is not a valid GitHub commit ID"}
{"level":"info","ts":1551294094.4233968,"logger":"fallback-logger","caller":"git-init/main.go:92","msg":"Successfully cloned \"https://github.com/jenkinsxworkshop/gosanjose.git\" @ \"23c517f5af3483fcb31abdcd0c80c01507ebec68\" in path \"/workspace\""}
Step: build-step-jenkins:

Picked up _JAVA_OPTIONS: -Xmx400m
Started
Running in Durability level: PERFORMANCE_OPTIMIZED
  51.249 [id=34]	WARNING	i.f.k.c.i.VersionUsageUtils#alert: The client is using resource type 'customresourcedefinitions' with unstable version 'v1beta1'
[Pipeline] node
Running on Jenkins in /tmp/jenkinsTests.tmp/jenkins3862524777064725170test/workspace/job
[Pipeline] {
[Pipeline] stage
[Pipeline] { (Declarative: Checkout SCM)
[Pipeline] checkout
[Pipeline] }
[Pipeline] // stage
[Pipeline] withCredentials
[Pipeline] {
[Pipeline] withEnv
[Pipeline] {
[Pipeline] stage
[Pipeline] { (CI Build and push snapshot)
[Pipeline] withEnv
[Pipeline] {
[Pipeline] dir
Running in /home/jenkins/go/src/github.com/jenkinsxworkshop/gosanjose
[Pipeline] {
[Pipeline] checkout
[Pipeline] sh
+ make linux
CGO_ENABLED=0 GOOS=linux GOARCH=amd64 GO15VENDOREXPERIMENT=1 go build -ldflags '' -o bin/gosanjose main.go
[Pipeline] sh
+ export VERSION=0.0.0-SNAPSHOT-PR-1-1
+ skaffold build -f skaffold.yaml
time="2019-02-27T19:03:28Z" level=warning msg="config version (skaffold/v1beta2) out of date: upgrading to latest (skaffold/v1beta3)"
Starting build...
Building [changeme]...
Sending build context to Docker daemon  525.8kBSending build context to Docker daemon  6.096MBSending build context to Docker daemon  6.502MB
Step 1/4 : FROM scratch
 ---> 
Step 2/4 : EXPOSE 8080
 ---> Using cache
 ---> 41776f27d57b
Step 3/4 : ENTRYPOINT /gosanjose
 ---> Using cache
 ---> 1d7a0b43d493
Step 4/4 : COPY ./bin/ /
 ---> 5cadd1176979
Successfully built 5cadd1176979
The push refers to a repository [10.35.247.152:5000/jenkinsxworkshop/gosanjose]
385916a3f3f9: Preparing
385916a3f3f9: Pushed
0.0.0-SNAPSHOT-PR-1-1: digest: sha256:ba166f7290ec11d594355898f8439afe9cae9468e6660d562491bdc907b73a86 size: 528
Build complete in 1.763175203s
Starting test...
Test complete in 7.148µs
changeme -> 10.35.247.152:5000/jenkinsxworkshop/gosanjose:0.0.0-SNAPSHOT-PR-1-1
There is a new version (0.23.0) of skaffold available. Download it at https://storage.googleapis.com/skaffold/releases/latest/skaffold-linux-amd64

[Pipeline] sh
+ jx step post build --image 10.35.247.152:5000/jenkinsxworkshop/gosanjose:0.0.0-SNAPSHOT-PR-1-1
[Pipeline] }
[Pipeline] // dir
[Pipeline] dir
Running in /home/jenkins/go/src/github.com/jenkinsxworkshop/gosanjose/charts/preview
[Pipeline] {
[Pipeline] sh
+ make preview
sed -i -e "s/version:.*/version: 0.0.0-SNAPSHOT-PR-1-1/" Chart.yaml
sed -i -e "s/version:.*/version: 0.0.0-SNAPSHOT-PR-1-1/" ../*/Chart.yaml
sed -i -e "s|repository:.*|repository: 10.35.247.152:5000\/jenkinsxworkshop\/gosanjose|" values.yaml
sed -i -e "s/tag:.*/tag: 0.0.0-SNAPSHOT-PR-1-1/" values.yaml
echo "  version: 0.0.0-SNAPSHOT-PR-1-1" >> requirements.yaml
jx step helm build
No $CHART_REPOSITORY defined so using the default value of: http://jenkins-x-chartmuseum:8080
Adding missing Helm repo: jenkins-x http://chartmuseum.jenkins-x.io
Successfully added Helm repository jenkins-x.
Adding missing Helm repo: releases http://jenkins-x-chartmuseum:8080
Successfully added Helm repository releases.
[Pipeline] sh
+ jx preview --app gosanjose --dir ../..
Creating a preview
Commit author email is empty for: 23c517f5af3483fcb31abdcd0c80c01507ebec68
Looking for commits in: /home/jenkins/go/src/github.com/jenkinsxworkshop/gosanjose/
Found commit author match for: powerofcontinuity with email address: 47534971+powerofcontinuity@users.noreply.github.com
Created environment jenkinsxworkshop-gosanjose-pr-1
Namespace jx-jenkinsxworkshop-gosanjose-pr-1 created 
 expose:
  Annotations:
    helm.sh/hook: post-install,post-upgrade
    helm.sh/hook-delete-policy: hook-succeeded
  config:
    domain: 35.197.83.73.nip.io
    exposer: Ingress
    http: "true"
preview:
  image:
    repository: 10.35.247.152:5000/jenkinsxworkshop/gosanjose
    tag: 0.0.0-SNAPSHOT-PR-1-1
Failed to update PipelineActivities jenkinsxworkshop-gosanjose-pr-1-1: the namespace of the object (jx-jenkinsxworkshop-gosanjose-pr-1) does not match the namespace on the request (jx)
Preview application is now available at: http://gosanjose.jx-jenkinsxworkshop-gosanjose-pr-1.35.197.83.73.nip.io

[Pipeline] }
[Pipeline] // dir
[Pipeline] }
[Pipeline] // withEnv
[Pipeline] }
[Pipeline] // stage
[Pipeline] stage
[Pipeline] { (Build Release)
Stage "Build Release" skipped due to when conditional
[Pipeline] }
[Pipeline] // stage
[Pipeline] stage
[Pipeline] { (Promote to Environments)
Stage "Promote to Environments" skipped due to when conditional
[Pipeline] }
[Pipeline] // stage
[Pipeline] }
[Pipeline] // withEnv
[Pipeline] }
[Pipeline] // withCredentials
[Pipeline] }
[Pipeline] // node
[Pipeline] End of Pipeline
Finished: SUCCESS
