Step: build-step-credential-initializer:

{"level":"warn","ts":1551293919.2284837,"logger":"fallback-logger","caller":"logging/config.go:65","msg":"Fetch GitHub commit ID from kodata failed: \"ref: refs/heads/test\" is not a valid GitHub commit ID"}
{"level":"info","ts":1551293919.22896,"logger":"fallback-logger","caller":"creds-init/main.go:40","msg":"Credentials initialized."}
Step: build-step-git-source-0:

{"level":"warn","ts":1551293920.7960641,"logger":"fallback-logger","caller":"logging/config.go:65","msg":"Fetch GitHub commit ID from kodata failed: \"ref: refs/heads/test\" is not a valid GitHub commit ID"}
{"level":"info","ts":1551293921.4127417,"logger":"fallback-logger","caller":"git-init/main.go:92","msg":"Successfully cloned \"https://github.com/jenkinsxworkshop/gosanjose.git\" @ \"master\" in path \"/workspace\""}
Step: build-step-jenkins:

Picked up _JAVA_OPTIONS: -Xmx400m
Started
Running in Durability level: PERFORMANCE_OPTIMIZED
  27.706 [id=32]	WARNING	i.f.k.c.i.VersionUsageUtils#alert: The client is using resource type 'customresourcedefinitions' with unstable version 'v1beta1'
[Pipeline] node
Running on Jenkins in /tmp/jenkinsTests.tmp/jenkins2719071859820157392test/workspace/job
[Pipeline] {
[Pipeline] stage
[Pipeline] { (Declarative: Checkout SCM)
[Pipeline] checkout
[Pipeline] }
[Pipeline] // stage
[Pipeline] withCredentials
[Pipeline] {
[Pipeline] withEnv
[Pipeline] {
[Pipeline] stage
[Pipeline] { (CI Build and push snapshot)
Stage "CI Build and push snapshot" skipped due to when conditional
[Pipeline] }
[Pipeline] // stage
[Pipeline] stage
[Pipeline] { (Build Release)
[Pipeline] dir
Running in /home/jenkins/go/src/github.com/jenkinsxworkshop/gosanjose
[Pipeline] {
[Pipeline] git
Cloning the remote Git repository
Cloning repository https://github.com/jenkinsxworkshop/gosanjose.git
 > git init /home/jenkins/go/src/github.com/jenkinsxworkshop/gosanjose # timeout=10
Fetching upstream changes from https://github.com/jenkinsxworkshop/gosanjose.git
 > git --version # timeout=10
 > git fetch --tags --progress https://github.com/jenkinsxworkshop/gosanjose.git +refs/heads/*:refs/remotes/origin/*
 > git config remote.origin.url https://github.com/jenkinsxworkshop/gosanjose.git # timeout=10
 > git config --add remote.origin.fetch +refs/heads/*:refs/remotes/origin/* # timeout=10
 > git config remote.origin.url https://github.com/jenkinsxworkshop/gosanjose.git # timeout=10
Fetching upstream changes from https://github.com/jenkinsxworkshop/gosanjose.git
 > git fetch --tags --progress https://github.com/jenkinsxworkshop/gosanjose.git +refs/heads/*:refs/remotes/origin/*
 > git rev-parse refs/remotes/origin/master^{commit} # timeout=10
 > git rev-parse refs/remotes/origin/origin/master^{commit} # timeout=10
Checking out Revision b6c19861b260777fe83c17bf32582f484a705249 (refs/remotes/origin/master)
 > git config core.sparsecheckout # timeout=10
 > git checkout -f b6c19861b260777fe83c17bf32582f484a705249
 > git branch -a -v --no-abbrev # timeout=10
 > git checkout -b master b6c19861b260777fe83c17bf32582f484a705249
Commit message: "Draft create"
First time build. Skipping changelog.
[Pipeline] sh
+ jx-release-version
+ echo 0.0.1
[Pipeline] sh
+ cat VERSION
+ jx step tag --version 0.0.1
Tag v0.0.1 created and pushed to remote origin
[Pipeline] sh
+ make build
CGO_ENABLED=0 GO15VENDOREXPERIMENT=1 go build -ldflags '' -o bin/gosanjose main.go
[Pipeline] sh
+ cat VERSION
+ export VERSION=0.0.1
+ skaffold build -f skaffold.yaml
time="2019-02-27T19:01:30Z" level=warning msg="config version (skaffold/v1beta2) out of date: upgrading to latest (skaffold/v1beta3)"
Starting build...
Building [changeme]...
Sending build context to Docker daemon  525.8kBSending build context to Docker daemon  6.502MB
Step 1/4 : FROM scratch
 ---> 
Step 2/4 : EXPOSE 8080
 ---> Running in 87dc732189aa
 ---> 41776f27d57b
Step 3/4 : ENTRYPOINT /gosanjose
 ---> Running in 08ed7c692851
 ---> 1d7a0b43d493
Step 4/4 : COPY ./bin/ /
 ---> e7308473d7d7
Successfully built e7308473d7d7
The push refers to a repository [10.35.247.152:5000/jenkinsxworkshop/gosanjose]
f05832bec335: Preparing
f05832bec335: Pushed
0.0.1: digest: sha256:0184ce2847bc6a03fb24fe4060226bd76a23ac6698b8beb27765bc3c696a0430 size: 528
Build complete in 1.827084804s
Starting test...
Test complete in 7.288µs
changeme -> 10.35.247.152:5000/jenkinsxworkshop/gosanjose:0.0.1
There is a new version (0.23.0) of skaffold available. Download it at https://storage.googleapis.com/skaffold/releases/latest/skaffold-linux-amd64

[Pipeline] sh
+ cat VERSION
+ jx step post build --image 10.35.247.152:5000/jenkinsxworkshop/gosanjose:0.0.1
[Pipeline] }
[Pipeline] // dir
[Pipeline] }
[Pipeline] // stage
[Pipeline] stage
[Pipeline] { (Promote to Environments)
[Pipeline] dir
Running in /home/jenkins/go/src/github.com/jenkinsxworkshop/gosanjose/charts/gosanjose
[Pipeline] {
[Pipeline] sh
+ cat ../../VERSION
+ jx step changelog --version v0.0.1
Using batch mode as inside a pipeline
Generating change log from git ref b6c19861b260777fe83c17bf32582f484a705249 => 06fd2d728b0049e93c2058280fe6130908ed7eed
Failed to enrich commits with issues: User.jenkins.io "" is invalid: metadata.name: Required value: name or generateName is required
Failed to enrich commits with issues: User.jenkins.io "" is invalid: metadata.name: Required value: name or generateName is required
Finding issues in commit messages using git format
No release found for jenkinsxworkshop/gosanjose and tag v0.0.1 so creating a new release
Updated the release information at https://github.com/jenkinsxworkshop/gosanjose/releases/tag/v0.0.1
generated: /home/jenkins/go/src/github.com/jenkinsxworkshop/gosanjose/charts/gosanjose/templates/release.yaml
Created Release gosanjose-0-0-1 resource in namespace jx
Updating PipelineActivity jenkinsxworkshop-gosanjose-master-1 with version 0.0.1
Updated PipelineActivities jenkinsxworkshop-gosanjose-master-1 with release notes URL: https://github.com/jenkinsxworkshop/gosanjose/releases/tag/v0.0.1
[Pipeline] sh
+ jx step helm release
No $CHART_REPOSITORY defined so using the default value of: http://jenkins-x-chartmuseum:8080
Adding missing Helm repo: jenkins-x http://chartmuseum.jenkins-x.io
Successfully added Helm repository jenkins-x.
Adding missing Helm repo: releases http://jenkins-x-chartmuseum:8080
Successfully added Helm repository releases.
No $CHART_REPOSITORY defined so using the default value of: http://jenkins-x-chartmuseum:8080
Uploading chart file gosanjose-0.0.1.tgz to http://jenkins-x-chartmuseum:8080/api/charts
Received 201 response: {"saved":true}
[Pipeline] sh
+ cat ../../VERSION
+ jx promote -b --all-auto --timeout 1h --version 0.0.1
prow based install so skip waiting for the merge of Pull Requests to go green as currently there is an issue with gettingstatuses from the PR, see https://github.com/jenkins-x/jx/issues/2410
Promoting app gosanjose version 0.0.1 to namespace jx-staging
Created Pull Request: https://github.com/jenkinsxworkshop/environment-feb27wed-staging/pull/1

Pull Request https://github.com/jenkinsxworkshop/environment-feb27wed-staging/pull/1 is merged at sha f4c290b6b49f0dd7676f1c78c7179104341f50f7
Pull Request merged but we are not waiting for the update pipeline to complete!
Could not find the service URL in namespace jx-staging for names gosanjose, jx-gosanjose, jx-staging-gosanjose
[Pipeline] }
[Pipeline] // dir
[Pipeline] }
[Pipeline] // stage
[Pipeline] }
[Pipeline] // withEnv
[Pipeline] }
[Pipeline] // withCredentials
[Pipeline] }
[Pipeline] // node
[Pipeline] End of Pipeline
